<?xml version="1.0" encoding="UTF-8"?>
<!-- Generated by org.testng.reporters.JUnitReportReporter -->
<testsuite skipped="0" hostname="sun-lt" name="smp.Test" tests="1" failures="0" timestamp="20 May 2019 16:42:26 GMT" time="0.009" errors="0">
  <testcase name="test" time="0.009" classname="smp.Test"/>
</testsuite> <!-- smp.Test -->
