<?xml version="1.0" encoding="UTF-8"?>
<!-- Generated by org.testng.reporters.JUnitReportReporter -->
<testsuite skipped="0" hostname="sun-lt" name="smp.Test" tests="2" failures="0" timestamp="24 Apr 2019 19:50:26 GMT" time="0.006" errors="0">
  <testcase name="test" time="0.001" classname="smp.Test"/>
  <testcase name="test" time="0.005" classname="smp.Test"/>
</testsuite> <!-- smp.Test -->
