<?xml version="1.0" encoding="UTF-8"?>
<!-- Generated by org.testng.reporters.JUnitReportReporter -->
<testsuite skipped="0" hostname="sun-lt" name="smp.Test_1" tests="1" failures="0" timestamp="20 May 2019 18:31:18 GMT" time="11.384" errors="0">
  <testcase name="f" time="11.384" classname="smp.Test_1"/>
</testsuite> <!-- smp.Test_1 -->
